2026-01-17 15:50:34,961 INFO Loaded font: FluentSystemIcons-Regular.ttf
2026-01-17 15:50:34,967 INFO Loaded font: FluentSystemIcons-Filled.ttf
2026-01-17 15:50:35,358 INFO 綠속潼 13 몸굶뒈俚竟
2026-01-17 15:50:35,478 INFO Loaded 72 events from C:\Users\123\Downloads\writer tool - 1.02\writer_data\school_events.json
2026-01-17 15:50:35,552 INFO 淃커속潼냥묘: C:/Users/123/Downloads/writer tool/writer_data/1.writerproj
2026-01-17 15:51:31,996 INFO Loaded font: FluentSystemIcons-Regular.ttf
2026-01-17 15:51:31,998 INFO Loaded font: FluentSystemIcons-Filled.ttf
2026-01-17 15:51:32,193 INFO 綠속潼 13 몸굶뒈俚竟
2026-01-17 15:51:32,238 INFO Loaded 72 events from C:\Users\123\Downloads\writer tool - 1.02\writer_data\school_events.json
2026-01-17 15:51:32,277 INFO 淃커속潼냥묘: C:/Users/123/Downloads/writer tool/writer_data/1.writerproj
2026-01-20 14:06:28,584 INFO Loaded font: FluentSystemIcons-Regular.ttf
2026-01-20 14:06:28,589 INFO Loaded font: FluentSystemIcons-Filled.ttf
2026-01-20 14:06:28,926 INFO 綠속潼 13 몸굶뒈俚竟
2026-01-20 14:06:28,975 INFO Loaded 72 events from C:\Users\123\Downloads\writer tool - 1.02\writer_data\school_events.json
2026-01-20 14:06:29,031 INFO 淃커속潼냥묘: C:/Users/123/Downloads/writer tool/writer_data/1.writerproj
2026-01-23 20:11:15,063 INFO Loaded font: FluentSystemIcons-Regular.ttf
2026-01-23 20:11:15,064 INFO Loaded font: FluentSystemIcons-Filled.ttf
2026-01-23 20:11:15,203 INFO 綠속潼 13 몸굶뒈俚竟
2026-01-23 20:11:15,249 INFO Loaded 72 events from C:\Users\123\Downloads\writer tool - 1.02\writer_data\school_events.json
2026-01-23 20:11:15,295 INFO 淃커속潼냥묘: C:/Users/123/Downloads/writer tool/writer_data/1.writerproj
2026-01-23 20:15:32,593 INFO Loaded font: FluentSystemIcons-Regular.ttf
2026-01-23 20:15:32,594 INFO Loaded font: FluentSystemIcons-Filled.ttf
2026-01-23 20:15:32,729 INFO 綠속潼 13 몸굶뒈俚竟
2026-01-23 20:15:32,780 INFO Loaded 72 events from C:\Users\123\Downloads\writer tool - 1.02\writer_data\school_events.json
2026-01-23 20:15:32,824 INFO 淃커속潼냥묘: C:/Users/123/Downloads/writer tool/writer_data/1.writerproj
2026-01-23 20:16:26,681 INFO 淃커괏닸냥묘: C:/Users/123/Downloads/writer tool/writer_data/1.writerproj
2026-01-23 20:16:49,117 INFO Loaded font: FluentSystemIcons-Regular.ttf
2026-01-23 20:16:49,118 INFO Loaded font: FluentSystemIcons-Filled.ttf
2026-01-23 20:16:49,237 INFO 綠속潼 13 몸굶뒈俚竟
2026-01-23 20:16:49,284 INFO Loaded 72 events from C:\Users\123\Downloads\writer tool - 1.02\writer_data\school_events.json
2026-01-23 20:16:49,326 INFO 淃커속潼냥묘: C:/Users/123/Downloads/writer tool/writer_data/1.writerproj
2026-02-03 19:21:49,656 INFO Loaded font: FluentSystemIcons-Regular.ttf
2026-02-03 19:21:49,662 INFO Loaded font: FluentSystemIcons-Filled.ttf
2026-02-03 19:21:49,976 INFO 綠속潼 13 몸굶뒈俚竟
2026-02-03 19:21:50,034 INFO Loaded 72 events from C:\Users\123\Downloads\writer tool - 1.03\writer_data\school_events.json
2026-02-12 09:59:19,331 INFO Loaded font: FluentSystemIcons-Regular.ttf
2026-02-12 09:59:19,337 INFO Loaded font: FluentSystemIcons-Filled.ttf
2026-02-12 09:59:19,661 INFO 綠속潼 13 몸굶뒈俚竟
2026-02-12 09:59:19,710 INFO Loaded 72 events from C:\Users\123\Downloads\writer tool - 1.03\writer_data\school_events.json
